make all --print-data-base --no-builtin-variables --no-builtin-rules --question
# GNU Make 3.81
# Copyright (C) 2006  Free Software Foundation, Inc.
# This is free software; see the source for copying conditions.
# There is NO warranty; not even for MERCHANTABILITY or FITNESS FOR A
# PARTICULAR PURPOSE.

# This program built for i386-apple-darwin11.3.0
 

# Make data base, printed on Sun Jun  5 14:14:32 2022

# Variables

# automatic
<D = $(patsubst %/,%,$(dir $<))
# automatic
?F = $(notdir $?)
# makefile (from `Makefile', line 79)
OBJ = $(SRC:.cpp=.o)
# environment
VSCODE_LOG_NATIVE = false
# automatic
?D = $(patsubst %/,%,$(dir $?))
# makefile (from `Makefile', line 29)
REQUEST_PATH = request
# automatic
@D = $(patsubst %/,%,$(dir $@))
# automatic
@F = $(notdir $@)
# makefile
CURDIR := /Users/yarroubi/Desktop/webserv
# makefile
SHELL = /bin/sh
# environment
VSCODE_NLS_CONFIG = {"locale":"en-us","availableLanguages":{},"_languagePackSupport":true}
# environment
_ = /usr/bin/make
# makefile (from `Makefile', line 18)
CFLAGS = -Wall -Werror -Wextra -std=c++98 -fsanitize=address
# makefile (from `Makefile', line 57)
LOCATION_PATH = location
# makefile (from `Makefile', line 71)
HEADER_FIELD_PATH = header_field
# makefile (from `Makefile', line 1)
MAKEFILE_LIST :=  Makefile
# makefile (from `Makefile', line 37)
RESPONSE_SRC = 
# makefile (from `Makefile', line 45)
SERVER_HDR = 
# environment
VSCODE_VERBOSE_LOGGING = true
# environment
VSCODE_IPC_HOOK_EXTHOST = /var/folders/zz/zyxvpxvq6csfxvn_n00005v00001fr/T/vscode-ipc-efc810fa-6097-4d4a-bfd9-0303a0036c81.sock
# environment
VSCODE_CWD = /
# environment
Apple_PubSub_Socket_Render = /private/tmp/com.apple.launchd.AUyw7nQVTQ/Render
# environment
PATH = /Users/yarroubi/.brew/bin:/usr/local/bin:/usr/bin:/bin:/usr/sbin:/sbin:/usr/local/munki
# makefile (from `Makefile', line 66)
HTTP_STATUS_HDR = 
# makefile (from `Makefile', line 24)
SOCKET_HDR = 
# makefile (from `Makefile', line 51)
CLIENT_SRC = 
# makefile (from `Makefile', line 43)
SERVER_PATH = server
# environment
VSCODE_LOG_STACK = false
# environment
ELECTRON_RUN_AS_NODE = 1
# default
.FEATURES := target-specific order-only second-expansion else-if archives jobserver check-symlink
# makefile (from `Makefile', line 64)
HTTP_STATUS_PATH = http_status
# makefile (from `Makefile', line 22)
SOCKET_PATH = sockets
# environment
SSH_AUTH_SOCK = /private/tmp/com.apple.launchd.akK1d0b92D/Listeners
# automatic
%F = $(notdir $%)
# environment
HOMEBREW_TEMP = /tmp/yarroubi/Homebrew/Temp
# makefile (from `Makefile', line 13)
Author = younes
# environment
VSCODE_PIPE_LOGGING = true
# makefile (from `Makefile', line 73)
HEADER_FIELD_HDR = 
# environment
PWD = /Users/yarroubi/Desktop/webserv
# environment
ORIGINAL_XDG_CURRENT_DESKTOP = undefined
# makefile (from `Makefile', line 77)
HDR = 
# environment
VSCODE_AMD_ENTRYPOINT = vs/workbench/api/node/extensionHostProcess
# environment
HOME = /Users/yarroubi
# default
MAKEFILEPATH := /Applications/Xcode.app/Contents/Developer/Makefiles
# makefile (from `Makefile', line 30)
REQUEST_SRC = 
# environment
VSCODE_CODE_CACHE_PATH = /Users/yarroubi/Library/Application Support/Code/CachedData/c3511e6c69bb39013c4a4b7b9566ec1ca73fc4d5
# environment
LOGNAME = yarroubi
# environment
APPLICATION_INSIGHTS_NO_DIAGNOSTIC_CHANNEL = 1
# environment
VSCODE_HANDLES_UNCAUGHT_ERRORS = true
# automatic
^D = $(patsubst %/,%,$(dir $^))
# makefile (from `Makefile', line 58)
LOCATION_SRC = 
# environment
XPC_FLAGS = 0x0
# default
MAKE = $(MAKE_COMMAND)
# default
MAKECMDGOALS := all
# environment
HOMEBREW_CACHE = /tmp/yarroubi/Homebrew/Caches
# environment
SHLVL = 1
# makefile (from `Makefile', line 17)
CC = clang++
# default
MAKE_VERSION := 3.81
# makefile (from `Makefile', line 38)
RESPONSE_HDR = 
# environment
USER = yarroubi
# makefile
.DEFAULT_GOAL := all
# makefile (from `Makefile', line 15)
NAME = webserv
# automatic
%D = $(patsubst %/,%,$(dir $%))
# default
MAKE_COMMAND := /Applications/Xcode.app/Contents/Developer/usr/bin/make
# default
.VARIABLES := 
# environment
TMPDIR = /var/folders/zz/zyxvpxvq6csfxvn_n00005v00001fr/T/
# automatic
*F = $(notdir $*)
# environment
VSCODE_IPC_HOOK = /Users/yarroubi/Library/Application Support/Code/1.67.2-main.sock
# makefile
MAKEFLAGS = Rrqp
# makefile (from `Makefile', line 44)
SERVER_SRC = 
# makefile (from `Makefile', line 36)
RESPONSE_PATH = response
# environment
MFLAGS = -Rrqp
# automatic
*D = $(patsubst %/,%,$(dir $*))
# environment
XPC_SERVICE_NAME = com.apple.xpc.launchd.oneshot.0x10000002.Electron
# automatic
+D = $(patsubst %/,%,$(dir $+))
# automatic
+F = $(notdir $+)
# environment
__CF_USER_TEXT_ENCODING = 0x5D8:0x0:0x0
# environment
COMMAND_MODE = unix2003
# makefile (from `Makefile', line 65)
HTTP_STATUS_SRC = 
# default
MAKEFILES := 
# makefile (from `Makefile', line 23)
SOCKET_SRC = 
# automatic
<F = $(notdir $<)
# makefile (from `Makefile', line 50)
CLIENT_PATH = client
# environment
LC_ALL = C
# makefile (from `Makefile', line 52)
CLIENT_HDR = 
# environment
SECURITYSESSIONID = 186a8
# automatic
^F = $(notdir $^)
# default
SUFFIXES := 
# default
.INCLUDE_DIRS = /usr/local/include
# makefile (from `Makefile', line 31)
REQUEST_HDR = 
# environment
MAKELEVEL := 0
# environment
LANG = C
# makefile (from `Makefile', line 72)
HEADER_FIELD_SRC = 
# environment
VSCODE_PID = 9565
# makefile (from `Makefile', line 59)
LOCATION_HDR = 
# variable set hash-table stats:
# Load=95/1024=9%, Rehash=0, Collisions=5/122=4%

# Pattern-specific Variable Values

# No pattern-specific variable values.

# Directories

# . (device 16777227, inode 395979): 16 files, no impossibilities.

# 16 files, no impossibilities in 1 directories.

# Implicit Rules

%.o: %.cpp
#  commands to execute (from `Makefile', line 90):
	@$(CC) $(CFLAGS) -o $@ -c $<
	

# 1 implicit rules, 0 (0.0%) terminal.

# Files

all: webserv
#  Command-line target.
#  Implicit rule search has been done.
#  File does not exist.
#  File has not been updated.
# variable set hash-table stats:
# Load=0/32=0%, Rehash=0, Collisions=0/0=0%

# Not a target:
webserv:
#  Implicit rule search has been done.
#  File does not exist.
#  File has not been updated.
# variable set hash-table stats:
# Load=0/32=0%, Rehash=0, Collisions=0/0=0%

.PHONY: clean fclean re
#  Implicit rule search has not been done.
#  Modification time never checked.
#  File has not been updated.

# Not a target:
.SUFFIXES:
#  Implicit rule search has not been done.
#  Modification time never checked.
#  File has not been updated.

# Not a target:
Makefile:
#  Implicit rule search has been done.
#  Last modified 2022-06-05 13:47:48
#  File has been updated.
#  Successfully updated.
# variable set hash-table stats:
# Load=0/32=0%, Rehash=0, Collisions=0/0=0%

fclean: clean
#  Phony target (prerequisite of .PHONY).
#  Implicit rule search has not been done.
#  File does not exist.
#  File has not been updated.
#  commands to execute (from `Makefile', line 96):
	@rm -rf $(NAME)
	

# Not a target:
.DEFAULT:
#  Implicit rule search has not been done.
#  Modification time never checked.
#  File has not been updated.

re: fclean all
#  Phony target (prerequisite of .PHONY).
#  Implicit rule search has not been done.
#  File does not exist.
#  File has not been updated.

clean:
#  Phony target (prerequisite of .PHONY).
#  Implicit rule search has not been done.
#  File does not exist.
#  File has not been updated.
#  commands to execute (from `Makefile', line 93):
	@rm -rf $(OBJ)
	

# files hash-table stats:
# Load=9/1024=1%, Rehash=0, Collisions=0/29=0%
# VPATH Search Paths

# No `vpath' search paths.

# No general (`VPATH' variable) search path.

# # of strings in strcache: 1
# # of strcache buffers: 1
# strcache size: total = 4096 / max = 4096 / min = 4096 / avg = 4096
# strcache free: total = 4087 / max = 4087 / min = 4087 / avg = 4087

# Finished Make data base on Sun Jun  5 14:14:32 2022

 
make: *** No rule to make target `webserv', needed by `all'.  Stop.

